<?xml version="1.0"?>
<!DOCTYPE coverage SYSTEM "http://cobertura.sourceforge.net/xml/coverage-04.dtd">

<coverage line-rate="0.7830188679245284" branch-rate="0.7954545454545454" lines-covered="83" lines-valid="106" branches-covered="70" branches-valid="88" complexity="7.625" version="1.9.4.1" timestamp="1334397386526">
	<sources>
		<source>d:/IT_RESEARCH/PROJECTS_HOME/hibernate-validator-security-contribs/src/main/java</source>
		<source>--source</source>
	</sources>
	<packages>
		<package name="com.github.righettod.hvsc.annotation" line-rate="1.0" branch-rate="1.0" complexity="0.0">
			<classes>
				<class name="com.github.righettod.hvsc.annotation.CheckContent" filename="com/github/righettod/hvsc/annotation/CheckContent.java" line-rate="1.0" branch-rate="1.0" complexity="0.0">
					<methods>
					</methods>
					<lines>
					</lines>
				</class>
				<class name="com.github.righettod.hvsc.annotation.NoLdap" filename="com/github/righettod/hvsc/annotation/NoLdap.java" line-rate="1.0" branch-rate="1.0" complexity="0.0">
					<methods>
					</methods>
					<lines>
					</lines>
				</class>
				<class name="com.github.righettod.hvsc.annotation.NoTag" filename="com/github/righettod/hvsc/annotation/NoTag.java" line-rate="1.0" branch-rate="1.0" complexity="0.0">
					<methods>
					</methods>
					<lines>
					</lines>
				</class>
				<class name="com.github.righettod.hvsc.annotation.OnlyPrintableCharacter" filename="com/github/righettod/hvsc/annotation/OnlyPrintableCharacter.java" line-rate="1.0" branch-rate="1.0" complexity="0.0">
					<methods>
					</methods>
					<lines>
					</lines>
				</class>
			</classes>
		</package>
		<package name="com.github.righettod.hvsc.annotation.validator" line-rate="0.7830188679245284" branch-rate="0.7954545454545454" complexity="7.625">
			<classes>
				<class name="com.github.righettod.hvsc.annotation.validator.CheckContentValidator" filename="com/github/righettod/hvsc/annotation/validator/CheckContentValidator.java" line-rate="0.711864406779661" branch-rate="0.8928571428571429" complexity="12.0">
					<methods>
						<method name="&lt;clinit&gt;" signature="()V" line-rate="1.0" branch-rate="1.0">
							<lines>
								<line number="30" hits="1" branch="false"/>
							</lines>
						</method>
						<method name="&lt;init&gt;" signature="()V" line-rate="1.0" branch-rate="1.0">
							<lines>
								<line number="45" hits="24" branch="false"/>
								<line number="48" hits="24" branch="false"/>
							</lines>
						</method>
						<method name="initialize" signature="(Lcom/github/righettod/hvsc/annotation/CheckContent;)V" line-rate="0.5454545454545454" branch-rate="0.75">
							<lines>
								<line number="59" hits="24" branch="false"/>
								<line number="60" hits="24" branch="false"/>
								<line number="64" hits="24" branch="false"/>
								<line number="65" hits="24" branch="true" condition-coverage="100 % (2/2)">
									<conditions>
										<condition number="0" type="jump" coverage="100 %"/>
									</conditions>
								</line>
								<line number="66" hits="8" branch="false"/>
								<line number="69" hits="24" branch="false"/>
								<line number="71" hits="24" branch="false"/>
								<line number="72" hits="0" branch="false"/>
								<line number="74" hits="0" branch="false"/>
								<line number="76" hits="0" branch="false"/>
								<line number="77" hits="24" branch="false"/>
								<line number="79" hits="24" branch="true" condition-coverage="75 % (3/4)">
									<conditions>
										<condition number="0" type="jump" coverage="50 %"/>
										<condition number="1" type="jump" coverage="100 %"/>
									</conditions>
								</line>
								<line number="81" hits="4" branch="false"/>
								<line number="82" hits="4" branch="false"/>
								<line number="85" hits="24" branch="false"/>
								<line number="88" hits="24" branch="true" condition-coverage="100 % (2/2)">
									<conditions>
										<condition number="0" type="jump" coverage="100 %"/>
									</conditions>
								</line>
								<line number="90" hits="8" branch="false"/>
								<line number="91" hits="8" branch="true" condition-coverage="50 % (1/2)">
									<conditions>
										<condition number="0" type="jump" coverage="50 %"/>
									</conditions>
								</line>
								<line number="92" hits="0" branch="false"/>
								<line number="94" hits="0" branch="false"/>
								<line number="95" hits="0" branch="false"/>
								<line number="96" hits="0" branch="false"/>
								<line number="97" hits="0" branch="false"/>
								<line number="98" hits="0" branch="false"/>
								<line number="100" hits="0" branch="false"/>
								<line number="101" hits="0" branch="false"/>
								<line number="102" hits="8" branch="false"/>
								<line number="106" hits="24" branch="true" condition-coverage="50 % (1/2)">
									<conditions>
										<condition number="0" type="jump" coverage="50 %"/>
									</conditions>
								</line>
								<line number="107" hits="0" branch="false"/>
								<line number="108" hits="0" branch="false"/>
								<line number="109" hits="0" branch="false"/>
								<line number="110" hits="0" branch="false"/>
								<line number="112" hits="24" branch="false"/>
							</lines>
						</method>
						<method name="initialize" signature="(Ljava/lang/annotation/Annotation;)V" line-rate="1.0" branch-rate="1.0">
							<lines>
								<line number="27" hits="264" branch="false"/>
							</lines>
						</method>
						<method name="isValid" signature="(Ljava/lang/Object;Ljavax/validation/ConstraintValidatorContext;)Z" line-rate="1.0" branch-rate="1.0">
							<lines>
							</lines>
						</method>
						<method name="isValid" signature="(Ljava/lang/String;Ljavax/validation/ConstraintValidatorContext;)Z" line-rate="0.9090909090909091" branch-rate="1.0">
							<lines>
								<line number="122" hits="216" branch="false"/>
								<line number="123" hits="216" branch="false"/>
								<line number="124" hits="216" branch="false"/>
								<line number="125" hits="216" branch="false"/>
								<line number="128" hits="216" branch="true" condition-coverage="100 % (2/2)">
									<conditions>
										<condition number="0" type="jump" coverage="100 %"/>
									</conditions>
								</line>
								<line number="129" hits="91" branch="true" condition-coverage="100 % (2/2)">
									<conditions>
										<condition number="0" type="jump" coverage="100 %"/>
									</conditions>
								</line>
								<line number="130" hits="85" branch="false"/>
								<line number="132" hits="85" branch="true" condition-coverage="100 % (2/2)">
									<conditions>
										<condition number="0" type="jump" coverage="100 %"/>
									</conditions>
								</line>
								<line number="133" hits="4" branch="false"/>
								<line number="134" hits="4" branch="false"/>
								<line number="137" hits="81" branch="true" condition-coverage="100 % (6/6)">
									<conditions>
										<condition number="0" type="jump" coverage="100 %"/>
										<condition number="1" type="jump" coverage="100 %"/>
										<condition number="2" type="jump" coverage="100 %"/>
									</conditions>
								</line>
								<line number="138" hits="12" branch="true" condition-coverage="100 % (2/2)">
									<conditions>
										<condition number="0" type="jump" coverage="100 %"/>
									</conditions>
								</line>
								<line number="139" hits="4" branch="false"/>
								<line number="141" hits="8" branch="false"/>
								<line number="143" hits="12" branch="true" condition-coverage="100 % (2/2)">
									<conditions>
										<condition number="0" type="jump" coverage="100 %"/>
									</conditions>
								</line>
								<line number="144" hits="1" branch="false"/>
								<line number="145" hits="1" branch="false"/>
								<line number="149" hits="80" branch="false"/>
								<line number="152" hits="0" branch="false"/>
								<line number="153" hits="0" branch="false"/>
								<line number="154" hits="216" branch="false"/>
								<line number="156" hits="216" branch="false"/>
							</lines>
						</method>
					</methods>
					<lines>
						<line number="27" hits="264" branch="false"/>
						<line number="30" hits="1" branch="false"/>
						<line number="45" hits="24" branch="false"/>
						<line number="48" hits="24" branch="false"/>
						<line number="59" hits="24" branch="false"/>
						<line number="60" hits="24" branch="false"/>
						<line number="64" hits="24" branch="false"/>
						<line number="65" hits="24" branch="true" condition-coverage="100 % (2/2)">
							<conditions>
								<condition number="0" type="jump" coverage="100 %"/>
							</conditions>
						</line>
						<line number="66" hits="8" branch="false"/>
						<line number="69" hits="24" branch="false"/>
						<line number="71" hits="24" branch="false"/>
						<line number="72" hits="0" branch="false"/>
						<line number="74" hits="0" branch="false"/>
						<line number="76" hits="0" branch="false"/>
						<line number="77" hits="24" branch="false"/>
						<line number="79" hits="24" branch="true" condition-coverage="75 % (3/4)">
							<conditions>
								<condition number="0" type="jump" coverage="50 %"/>
								<condition number="1" type="jump" coverage="100 %"/>
							</conditions>
						</line>
						<line number="81" hits="4" branch="false"/>
						<line number="82" hits="4" branch="false"/>
						<line number="85" hits="24" branch="false"/>
						<line number="88" hits="24" branch="true" condition-coverage="100 % (2/2)">
							<conditions>
								<condition number="0" type="jump" coverage="100 %"/>
							</conditions>
						</line>
						<line number="90" hits="8" branch="false"/>
						<line number="91" hits="8" branch="true" condition-coverage="50 % (1/2)">
							<conditions>
								<condition number="0" type="jump" coverage="50 %"/>
							</conditions>
						</line>
						<line number="92" hits="0" branch="false"/>
						<line number="94" hits="0" branch="false"/>
						<line number="95" hits="0" branch="false"/>
						<line number="96" hits="0" branch="false"/>
						<line number="97" hits="0" branch="false"/>
						<line number="98" hits="0" branch="false"/>
						<line number="100" hits="0" branch="false"/>
						<line number="101" hits="0" branch="false"/>
						<line number="102" hits="8" branch="false"/>
						<line number="106" hits="24" branch="true" condition-coverage="50 % (1/2)">
							<conditions>
								<condition number="0" type="jump" coverage="50 %"/>
							</conditions>
						</line>
						<line number="107" hits="0" branch="false"/>
						<line number="108" hits="0" branch="false"/>
						<line number="109" hits="0" branch="false"/>
						<line number="110" hits="0" branch="false"/>
						<line number="112" hits="24" branch="false"/>
						<line number="122" hits="216" branch="false"/>
						<line number="123" hits="216" branch="false"/>
						<line number="124" hits="216" branch="false"/>
						<line number="125" hits="216" branch="false"/>
						<line number="128" hits="216" branch="true" condition-coverage="100 % (2/2)">
							<conditions>
								<condition number="0" type="jump" coverage="100 %"/>
							</conditions>
						</line>
						<line number="129" hits="91" branch="true" condition-coverage="100 % (2/2)">
							<conditions>
								<condition number="0" type="jump" coverage="100 %"/>
							</conditions>
						</line>
						<line number="130" hits="85" branch="false"/>
						<line number="132" hits="85" branch="true" condition-coverage="100 % (2/2)">
							<conditions>
								<condition number="0" type="jump" coverage="100 %"/>
							</conditions>
						</line>
						<line number="133" hits="4" branch="false"/>
						<line number="134" hits="4" branch="false"/>
						<line number="137" hits="81" branch="true" condition-coverage="100 % (6/6)">
							<conditions>
								<condition number="0" type="jump" coverage="100 %"/>
								<condition number="1" type="jump" coverage="100 %"/>
								<condition number="2" type="jump" coverage="100 %"/>
							</conditions>
						</line>
						<line number="138" hits="12" branch="true" condition-coverage="100 % (2/2)">
							<conditions>
								<condition number="0" type="jump" coverage="100 %"/>
							</conditions>
						</line>
						<line number="139" hits="4" branch="false"/>
						<line number="141" hits="8" branch="false"/>
						<line number="143" hits="12" branch="true" condition-coverage="100 % (2/2)">
							<conditions>
								<condition number="0" type="jump" coverage="100 %"/>
							</conditions>
						</line>
						<line number="144" hits="1" branch="false"/>
						<line number="145" hits="1" branch="false"/>
						<line number="149" hits="80" branch="false"/>
						<line number="152" hits="0" branch="false"/>
						<line number="153" hits="0" branch="false"/>
						<line number="154" hits="216" branch="false"/>
						<line number="156" hits="216" branch="false"/>
					</lines>
				</class>
				<class name="com.github.righettod.hvsc.annotation.validator.NoLdapValidator" filename="com/github/righettod/hvsc/annotation/validator/NoLdapValidator.java" line-rate="0.8571428571428571" branch-rate="1.0" complexity="3.0">
					<methods>
						<method name="&lt;clinit&gt;" signature="()V" line-rate="1.0" branch-rate="1.0">
							<lines>
								<line number="25" hits="1" branch="false"/>
							</lines>
						</method>
						<method name="&lt;init&gt;" signature="()V" line-rate="1.0" branch-rate="1.0">
							<lines>
							</lines>
						</method>
						<method name="initialize" signature="(Lcom/github/righettod/hvsc/annotation/NoLdap;)V" line-rate="1.0" branch-rate="1.0">
							<lines>
								<line number="38" hits="4" branch="false"/>
							</lines>
						</method>
						<method name="initialize" signature="(Ljava/lang/annotation/Annotation;)V" line-rate="1.0" branch-rate="1.0">
							<lines>
								<line number="22" hits="44" branch="false"/>
							</lines>
						</method>
						<method name="isValid" signature="(Ljava/lang/Object;Ljavax/validation/ConstraintValidatorContext;)Z" line-rate="1.0" branch-rate="1.0">
							<lines>
							</lines>
						</method>
						<method name="isValid" signature="(Ljava/lang/String;Ljavax/validation/ConstraintValidatorContext;)Z" line-rate="0.8181818181818182" branch-rate="1.0">
							<lines>
								<line number="47" hits="36" branch="false"/>
								<line number="50" hits="36" branch="true" condition-coverage="100 % (2/2)">
									<conditions>
										<condition number="0" type="jump" coverage="100 %"/>
									</conditions>
								</line>
								<line number="52" hits="13" branch="false"/>
								<line number="54" hits="24" branch="true" condition-coverage="100 % (2/2)">
									<conditions>
										<condition number="0" type="jump" coverage="100 %"/>
									</conditions>
								</line>
								<line number="55" hits="23" branch="true" condition-coverage="100 % (2/2)">
									<conditions>
										<condition number="0" type="jump" coverage="100 %"/>
									</conditions>
								</line>
								<line number="56" hits="12" branch="false"/>
								<line number="57" hits="12" branch="false"/>
								<line number="61" hits="0" branch="false"/>
								<line number="62" hits="0" branch="false"/>
								<line number="63" hits="36" branch="false"/>
								<line number="65" hits="36" branch="false"/>
							</lines>
						</method>
					</methods>
					<lines>
						<line number="22" hits="44" branch="false"/>
						<line number="25" hits="1" branch="false"/>
						<line number="38" hits="4" branch="false"/>
						<line number="47" hits="36" branch="false"/>
						<line number="50" hits="36" branch="true" condition-coverage="100 % (2/2)">
							<conditions>
								<condition number="0" type="jump" coverage="100 %"/>
							</conditions>
						</line>
						<line number="52" hits="13" branch="false"/>
						<line number="54" hits="24" branch="true" condition-coverage="100 % (2/2)">
							<conditions>
								<condition number="0" type="jump" coverage="100 %"/>
							</conditions>
						</line>
						<line number="55" hits="23" branch="true" condition-coverage="100 % (2/2)">
							<conditions>
								<condition number="0" type="jump" coverage="100 %"/>
							</conditions>
						</line>
						<line number="56" hits="12" branch="false"/>
						<line number="57" hits="12" branch="false"/>
						<line number="61" hits="0" branch="false"/>
						<line number="62" hits="0" branch="false"/>
						<line number="63" hits="36" branch="false"/>
						<line number="65" hits="36" branch="false"/>
					</lines>
				</class>
				<class name="com.github.righettod.hvsc.annotation.validator.NoTagValidator" filename="com/github/righettod/hvsc/annotation/validator/NoTagValidator.java" line-rate="0.8181818181818182" branch-rate="1.0" complexity="2.5">
					<methods>
						<method name="&lt;clinit&gt;" signature="()V" line-rate="1.0" branch-rate="1.0">
							<lines>
								<line number="25" hits="1" branch="false"/>
							</lines>
						</method>
						<method name="&lt;init&gt;" signature="()V" line-rate="1.0" branch-rate="1.0">
							<lines>
							</lines>
						</method>
						<method name="initialize" signature="(Lcom/github/righettod/hvsc/annotation/NoTag;)V" line-rate="1.0" branch-rate="1.0">
							<lines>
								<line number="35" hits="4" branch="false"/>
							</lines>
						</method>
						<method name="initialize" signature="(Ljava/lang/annotation/Annotation;)V" line-rate="1.0" branch-rate="1.0">
							<lines>
								<line number="22" hits="44" branch="false"/>
							</lines>
						</method>
						<method name="isValid" signature="(Ljava/lang/Object;Ljavax/validation/ConstraintValidatorContext;)Z" line-rate="1.0" branch-rate="1.0">
							<lines>
							</lines>
						</method>
						<method name="isValid" signature="(Ljava/lang/String;Ljavax/validation/ConstraintValidatorContext;)Z" line-rate="0.75" branch-rate="1.0">
							<lines>
								<line number="44" hits="36" branch="false"/>
								<line number="47" hits="36" branch="true" condition-coverage="100 % (2/2)">
									<conditions>
										<condition number="0" type="jump" coverage="100 %"/>
									</conditions>
								</line>
								<line number="49" hits="5" branch="false"/>
								<line number="51" hits="5" branch="true" condition-coverage="100 % (4/4)">
									<conditions>
										<condition number="0" type="jump" coverage="100 %"/>
										<condition number="1" type="jump" coverage="100 %"/>
									</conditions>
								</line>
								<line number="53" hits="0" branch="false"/>
								<line number="54" hits="0" branch="false"/>
								<line number="55" hits="36" branch="false"/>
								<line number="57" hits="36" branch="false"/>
							</lines>
						</method>
					</methods>
					<lines>
						<line number="22" hits="44" branch="false"/>
						<line number="25" hits="1" branch="false"/>
						<line number="35" hits="4" branch="false"/>
						<line number="44" hits="36" branch="false"/>
						<line number="47" hits="36" branch="true" condition-coverage="100 % (2/2)">
							<conditions>
								<condition number="0" type="jump" coverage="100 %"/>
							</conditions>
						</line>
						<line number="49" hits="5" branch="false"/>
						<line number="51" hits="5" branch="true" condition-coverage="100 % (4/4)">
							<conditions>
								<condition number="0" type="jump" coverage="100 %"/>
								<condition number="1" type="jump" coverage="100 %"/>
							</conditions>
						</line>
						<line number="53" hits="0" branch="false"/>
						<line number="54" hits="0" branch="false"/>
						<line number="55" hits="36" branch="false"/>
						<line number="57" hits="36" branch="false"/>
					</lines>
				</class>
				<class name="com.github.righettod.hvsc.annotation.validator.OnlyPrintableCharacterValidator" filename="com/github/righettod/hvsc/annotation/validator/OnlyPrintableCharacterValidator.java" line-rate="0.9090909090909091" branch-rate="0.6875" complexity="13.0">
					<methods>
						<method name="&lt;clinit&gt;" signature="()V" line-rate="1.0" branch-rate="1.0">
							<lines>
								<line number="47" hits="1" branch="false"/>
							</lines>
						</method>
						<method name="&lt;init&gt;" signature="()V" line-rate="1.0" branch-rate="1.0">
							<lines>
								<line number="50" hits="8" branch="false"/>
							</lines>
						</method>
						<method name="initialize" signature="(Lcom/github/righettod/hvsc/annotation/OnlyPrintableCharacter;)V" line-rate="1.0" branch-rate="1.0">
							<lines>
								<line number="60" hits="8" branch="false"/>
								<line number="61" hits="8" branch="false"/>
							</lines>
						</method>
						<method name="initialize" signature="(Ljava/lang/annotation/Annotation;)V" line-rate="1.0" branch-rate="1.0">
							<lines>
								<line number="44" hits="88" branch="false"/>
							</lines>
						</method>
						<method name="isValid" signature="(Ljava/lang/Object;Ljavax/validation/ConstraintValidatorContext;)Z" line-rate="1.0" branch-rate="1.0">
							<lines>
							</lines>
						</method>
						<method name="isValid" signature="(Ljava/lang/String;Ljavax/validation/ConstraintValidatorContext;)Z" line-rate="0.8823529411764706" branch-rate="0.6875">
							<lines>
								<line number="70" hits="72" branch="false"/>
								<line number="71" hits="72" branch="false"/>
								<line number="72" hits="72" branch="false"/>
								<line number="76" hits="72" branch="true" condition-coverage="100 % (2/2)">
									<conditions>
										<condition number="0" type="jump" coverage="100 %"/>
									</conditions>
								</line>
								<line number="78" hits="7" branch="false"/>
								<line number="80" hits="74" branch="true" condition-coverage="100 % (2/2)">
									<conditions>
										<condition number="0" type="jump" coverage="100 %"/>
									</conditions>
								</line>
								<line number="82" hits="71" branch="true" condition-coverage="100 % (2/2)">
									<conditions>
										<condition number="0" type="jump" coverage="100 %"/>
									</conditions>
								</line>
								<line number="83" hits="6" branch="false"/>
								<line number="87" hits="65" branch="false"/>
								<line number="89" hits="65" branch="true" condition-coverage="62 % (25/40)">
									<conditions>
										<condition number="0" type="jump" coverage="100 %"/>
										<condition number="1" type="jump" coverage="50 %"/>
										<condition number="2" type="jump" coverage="100 %"/>
										<condition number="3" type="jump" coverage="50 %"/>
										<condition number="4" type="jump" coverage="50 %"/>
										<condition number="5" type="jump" coverage="50 %"/>
										<condition number="6" type="jump" coverage="50 %"/>
										<condition number="7" type="jump" coverage="50 %"/>
										<condition number="8" type="jump" coverage="50 %"/>
										<condition number="9" type="jump" coverage="100 %"/>
										<condition number="10" type="jump" coverage="50 %"/>
										<condition number="11" type="jump" coverage="50 %"/>
										<condition number="12" type="jump" coverage="50 %"/>
										<condition number="13" type="jump" coverage="50 %"/>
										<condition number="14" type="jump" coverage="50 %"/>
										<condition number="15" type="jump" coverage="100 %"/>
										<condition number="16" type="jump" coverage="50 %"/>
										<condition number="17" type="jump" coverage="50 %"/>
										<condition number="18" type="jump" coverage="50 %"/>
										<condition number="19" type="jump" coverage="100 %"/>
									</conditions>
								</line>
								<line number="94" hits="65" branch="true" condition-coverage="100 % (2/2)">
									<conditions>
										<condition number="0" type="jump" coverage="100 %"/>
									</conditions>
								</line>
								<line number="95" hits="4" branch="false"/>
								<line number="96" hits="4" branch="false"/>
								<line number="100" hits="0" branch="false"/>
								<line number="101" hits="0" branch="false"/>
								<line number="102" hits="72" branch="false"/>
								<line number="104" hits="72" branch="false"/>
							</lines>
						</method>
					</methods>
					<lines>
						<line number="44" hits="88" branch="false"/>
						<line number="47" hits="1" branch="false"/>
						<line number="50" hits="8" branch="false"/>
						<line number="60" hits="8" branch="false"/>
						<line number="61" hits="8" branch="false"/>
						<line number="70" hits="72" branch="false"/>
						<line number="71" hits="72" branch="false"/>
						<line number="72" hits="72" branch="false"/>
						<line number="76" hits="72" branch="true" condition-coverage="100 % (2/2)">
							<conditions>
								<condition number="0" type="jump" coverage="100 %"/>
							</conditions>
						</line>
						<line number="78" hits="7" branch="false"/>
						<line number="80" hits="74" branch="true" condition-coverage="100 % (2/2)">
							<conditions>
								<condition number="0" type="jump" coverage="100 %"/>
							</conditions>
						</line>
						<line number="82" hits="71" branch="true" condition-coverage="100 % (2/2)">
							<conditions>
								<condition number="0" type="jump" coverage="100 %"/>
							</conditions>
						</line>
						<line number="83" hits="6" branch="false"/>
						<line number="87" hits="65" branch="false"/>
						<line number="89" hits="65" branch="true" condition-coverage="62 % (25/40)">
							<conditions>
								<condition number="0" type="jump" coverage="100 %"/>
								<condition number="1" type="jump" coverage="50 %"/>
								<condition number="2" type="jump" coverage="100 %"/>
								<condition number="3" type="jump" coverage="50 %"/>
								<condition number="4" type="jump" coverage="50 %"/>
								<condition number="5" type="jump" coverage="50 %"/>
								<condition number="6" type="jump" coverage="50 %"/>
								<condition number="7" type="jump" coverage="50 %"/>
								<condition number="8" type="jump" coverage="50 %"/>
								<condition number="9" type="jump" coverage="100 %"/>
								<condition number="10" type="jump" coverage="50 %"/>
								<condition number="11" type="jump" coverage="50 %"/>
								<condition number="12" type="jump" coverage="50 %"/>
								<condition number="13" type="jump" coverage="50 %"/>
								<condition number="14" type="jump" coverage="50 %"/>
								<condition number="15" type="jump" coverage="100 %"/>
								<condition number="16" type="jump" coverage="50 %"/>
								<condition number="17" type="jump" coverage="50 %"/>
								<condition number="18" type="jump" coverage="50 %"/>
								<condition number="19" type="jump" coverage="100 %"/>
							</conditions>
						</line>
						<line number="94" hits="65" branch="true" condition-coverage="100 % (2/2)">
							<conditions>
								<condition number="0" type="jump" coverage="100 %"/>
							</conditions>
						</line>
						<line number="95" hits="4" branch="false"/>
						<line number="96" hits="4" branch="false"/>
						<line number="100" hits="0" branch="false"/>
						<line number="101" hits="0" branch="false"/>
						<line number="102" hits="72" branch="false"/>
						<line number="104" hits="72" branch="false"/>
					</lines>
				</class>
			</classes>
		</package>
	</packages>
</coverage>
